{"/Users/omarazizmirza/Desktop/express-jobly/app.js": {"path":"/Users/omarazizmirza/Desktop/express-jobly/app.js","statementMap":{"0":{"start":{"line":5,"column":16},"end":{"line":5,"column":34}},"1":{"start":{"line":6,"column":13},"end":{"line":6,"column":28}},"2":{"start":{"line":8,"column":26},"end":{"line":8,"column":51}},"3":{"start":{"line":10,"column":28},"end":{"line":10,"column":56}},"4":{"start":{"line":11,"column":19},"end":{"line":11,"column":43}},"5":{"start":{"line":12,"column":24},"end":{"line":12,"column":53}},"6":{"start":{"line":13,"column":20},"end":{"line":13,"column":45}},"7":{"start":{"line":15,"column":15},"end":{"line":15,"column":32}},"8":{"start":{"line":17,"column":12},"end":{"line":17,"column":21}},"9":{"start":{"line":19,"column":0},"end":{"line":19,"column":16}},"10":{"start":{"line":20,"column":0},"end":{"line":20,"column":24}},"11":{"start":{"line":21,"column":0},"end":{"line":21,"column":24}},"12":{"start":{"line":22,"column":0},"end":{"line":22,"column":25}},"13":{"start":{"line":24,"column":0},"end":{"line":24,"column":29}},"14":{"start":{"line":25,"column":0},"end":{"line":25,"column":39}},"15":{"start":{"line":26,"column":0},"end":{"line":26,"column":31}},"16":{"start":{"line":30,"column":0},"end":{"line":32,"column":3}},"17":{"start":{"line":31,"column":2},"end":{"line":31,"column":35}},"18":{"start":{"line":35,"column":0},"end":{"line":43,"column":3}},"19":{"start":{"line":36,"column":2},"end":{"line":36,"column":64}},"20":{"start":{"line":36,"column":39},"end":{"line":36,"column":64}},"21":{"start":{"line":37,"column":17},"end":{"line":37,"column":34}},"22":{"start":{"line":38,"column":18},"end":{"line":38,"column":29}},"23":{"start":{"line":40,"column":2},"end":{"line":42,"column":5}},"24":{"start":{"line":45,"column":0},"end":{"line":45,"column":21}}},"fnMap":{"0":{"name":"(anonymous_0)","decl":{"start":{"line":30,"column":8},"end":{"line":30,"column":9}},"loc":{"start":{"line":30,"column":34},"end":{"line":32,"column":1}},"line":30},"1":{"name":"(anonymous_1)","decl":{"start":{"line":35,"column":8},"end":{"line":35,"column":9}},"loc":{"start":{"line":35,"column":39},"end":{"line":43,"column":1}},"line":35}},"branchMap":{"0":{"loc":{"start":{"line":36,"column":2},"end":{"line":36,"column":64}},"type":"if","locations":[{"start":{"line":36,"column":2},"end":{"line":36,"column":64}},{"start":{"line":36,"column":2},"end":{"line":36,"column":64}}],"line":36},"1":{"loc":{"start":{"line":37,"column":17},"end":{"line":37,"column":34}},"type":"binary-expr","locations":[{"start":{"line":37,"column":17},"end":{"line":37,"column":27}},{"start":{"line":37,"column":31},"end":{"line":37,"column":34}}],"line":37}},"s":{"0":4,"1":4,"2":4,"3":4,"4":4,"5":4,"6":4,"7":4,"8":4,"9":4,"10":4,"11":4,"12":4,"13":4,"14":4,"15":4,"16":4,"17":2,"18":4,"19":40,"20":1,"21":40,"22":40,"23":40,"24":4},"f":{"0":2,"1":40},"b":{"0":[1,39],"1":[40,1]},"_coverageSchema":"1a1c01bbd47fc00a2c39e90264f33305004495a9","hash":"9a81c307c9f8ba54b78e3f0229a69e73aa40e266"}
,"/Users/omarazizmirza/Desktop/express-jobly/config.js": {"path":"/Users/omarazizmirza/Desktop/express-jobly/config.js","statementMap":{"0":{"start":{"line":5,"column":0},"end":{"line":5,"column":27}},"1":{"start":{"line":6,"column":0},"end":{"line":6,"column":18}},"2":{"start":{"line":8,"column":19},"end":{"line":8,"column":57}},"3":{"start":{"line":10,"column":13},"end":{"line":10,"column":38}},"4":{"start":{"line":14,"column":2},"end":{"line":16,"column":44}},"5":{"start":{"line":22,"column":27},"end":{"line":22,"column":67}},"6":{"start":{"line":24,"column":0},"end":{"line":24,"column":35}},"7":{"start":{"line":25,"column":0},"end":{"line":25,"column":46}},"8":{"start":{"line":26,"column":0},"end":{"line":26,"column":45}},"9":{"start":{"line":27,"column":0},"end":{"line":27,"column":61}},"10":{"start":{"line":28,"column":0},"end":{"line":28,"column":50}},"11":{"start":{"line":29,"column":0},"end":{"line":29,"column":19}},"12":{"start":{"line":31,"column":0},"end":{"line":36,"column":2}}},"fnMap":{"0":{"name":"getDatabaseUri","decl":{"start":{"line":13,"column":9},"end":{"line":13,"column":23}},"loc":{"start":{"line":13,"column":26},"end":{"line":17,"column":1}},"line":13}},"branchMap":{"0":{"loc":{"start":{"line":8,"column":19},"end":{"line":8,"column":57}},"type":"binary-expr","locations":[{"start":{"line":8,"column":19},"end":{"line":8,"column":41}},{"start":{"line":8,"column":45},"end":{"line":8,"column":57}}],"line":8},"1":{"loc":{"start":{"line":10,"column":13},"end":{"line":10,"column":38}},"type":"binary-expr","locations":[{"start":{"line":10,"column":13},"end":{"line":10,"column":30}},{"start":{"line":10,"column":34},"end":{"line":10,"column":38}}],"line":10},"2":{"loc":{"start":{"line":14,"column":9},"end":{"line":16,"column":43}},"type":"cond-expr","locations":[{"start":{"line":15,"column":8},"end":{"line":15,"column":20}},{"start":{"line":16,"column":8},"end":{"line":16,"column":43}}],"line":14},"3":{"loc":{"start":{"line":16,"column":8},"end":{"line":16,"column":43}},"type":"binary-expr","locations":[{"start":{"line":16,"column":8},"end":{"line":16,"column":32}},{"start":{"line":16,"column":36},"end":{"line":16,"column":43}}],"line":16},"4":{"loc":{"start":{"line":22,"column":27},"end":{"line":22,"column":67}},"type":"cond-expr","locations":[{"start":{"line":22,"column":61},"end":{"line":22,"column":62}},{"start":{"line":22,"column":65},"end":{"line":22,"column":67}}],"line":22}},"s":{"0":10,"1":10,"2":10,"3":10,"4":20,"5":10,"6":10,"7":10,"8":10,"9":10,"10":10,"11":10,"12":10},"f":{"0":20},"b":{"0":[10,9],"1":[10,9],"2":[17,3],"3":[3,1],"4":[9,1]},"_coverageSchema":"1a1c01bbd47fc00a2c39e90264f33305004495a9","hash":"08bf8a84b140e2195f8e5174f9f721bbb1e42d90"}
,"/Users/omarazizmirza/Desktop/express-jobly/db.js": {"path":"/Users/omarazizmirza/Desktop/express-jobly/db.js","statementMap":{"0":{"start":{"line":5,"column":19},"end":{"line":5,"column":32}},"1":{"start":{"line":6,"column":27},"end":{"line":6,"column":46}},"2":{"start":{"line":8,"column":11},"end":{"line":10,"column":2}},"3":{"start":{"line":12,"column":0},"end":{"line":12,"column":13}},"4":{"start":{"line":14,"column":0},"end":{"line":14,"column":20}}},"fnMap":{},"branchMap":{},"s":{"0":7,"1":7,"2":7,"3":7,"4":7},"f":{},"b":{},"_coverageSchema":"1a1c01bbd47fc00a2c39e90264f33305004495a9","hash":"8c341a67e00f82db9ef3eff767d8a3f3b7b166a9"}
,"/Users/omarazizmirza/Desktop/express-jobly/expressError.js": {"path":"/Users/omarazizmirza/Desktop/express-jobly/expressError.js","statementMap":{"0":{"start":{"line":9,"column":4},"end":{"line":9,"column":12}},"1":{"start":{"line":10,"column":4},"end":{"line":10,"column":27}},"2":{"start":{"line":11,"column":4},"end":{"line":11,"column":25}},"3":{"start":{"line":19,"column":4},"end":{"line":19,"column":24}},"4":{"start":{"line":27,"column":4},"end":{"line":27,"column":24}},"5":{"start":{"line":35,"column":4},"end":{"line":35,"column":24}},"6":{"start":{"line":43,"column":4},"end":{"line":43,"column":24}},"7":{"start":{"line":47,"column":0},"end":{"line":53,"column":2}}},"fnMap":{"0":{"name":"(anonymous_0)","decl":{"start":{"line":8,"column":2},"end":{"line":8,"column":3}},"loc":{"start":{"line":8,"column":31},"end":{"line":12,"column":3}},"line":8},"1":{"name":"(anonymous_1)","decl":{"start":{"line":18,"column":2},"end":{"line":18,"column":3}},"loc":{"start":{"line":18,"column":37},"end":{"line":20,"column":3}},"line":18},"2":{"name":"(anonymous_2)","decl":{"start":{"line":26,"column":2},"end":{"line":26,"column":3}},"loc":{"start":{"line":26,"column":40},"end":{"line":28,"column":3}},"line":26},"3":{"name":"(anonymous_3)","decl":{"start":{"line":34,"column":2},"end":{"line":34,"column":3}},"loc":{"start":{"line":34,"column":39},"end":{"line":36,"column":3}},"line":34},"4":{"name":"(anonymous_4)","decl":{"start":{"line":42,"column":2},"end":{"line":42,"column":3}},"loc":{"start":{"line":42,"column":39},"end":{"line":44,"column":3}},"line":42}},"branchMap":{"0":{"loc":{"start":{"line":18,"column":14},"end":{"line":18,"column":35}},"type":"default-arg","locations":[{"start":{"line":18,"column":24},"end":{"line":18,"column":35}}],"line":18},"1":{"loc":{"start":{"line":26,"column":14},"end":{"line":26,"column":38}},"type":"default-arg","locations":[{"start":{"line":26,"column":24},"end":{"line":26,"column":38}}],"line":26},"2":{"loc":{"start":{"line":34,"column":14},"end":{"line":34,"column":37}},"type":"default-arg","locations":[{"start":{"line":34,"column":24},"end":{"line":34,"column":37}}],"line":34},"3":{"loc":{"start":{"line":42,"column":14},"end":{"line":42,"column":37}},"type":"default-arg","locations":[{"start":{"line":42,"column":24},"end":{"line":42,"column":37}}],"line":42}},"s":{"0":51,"1":51,"2":51,"3":8,"4":36,"5":7,"6":0,"7":9},"f":{"0":51,"1":8,"2":36,"3":7,"4":0},"b":{"0":[2],"1":[32],"2":[0],"3":[0]},"_coverageSchema":"1a1c01bbd47fc00a2c39e90264f33305004495a9","hash":"401cfaad9611cf39f865edb1c391c6f07dc0d4ea"}
,"/Users/omarazizmirza/Desktop/express-jobly/helpers/sql.js": {"path":"/Users/omarazizmirza/Desktop/express-jobly/helpers/sql.js","statementMap":{"0":{"start":{"line":1,"column":28},"end":{"line":1,"column":54}},"1":{"start":{"line":10,"column":15},"end":{"line":10,"column":40}},"2":{"start":{"line":11,"column":2},"end":{"line":11,"column":62}},"3":{"start":{"line":11,"column":25},"end":{"line":11,"column":62}},"4":{"start":{"line":14,"column":15},"end":{"line":16,"column":3}},"5":{"start":{"line":15,"column":6},"end":{"line":15,"column":52}},"6":{"start":{"line":18,"column":2},"end":{"line":21,"column":4}},"7":{"start":{"line":24,"column":0},"end":{"line":24,"column":41}}},"fnMap":{"0":{"name":"sqlForPartialUpdate","decl":{"start":{"line":9,"column":9},"end":{"line":9,"column":28}},"loc":{"start":{"line":9,"column":52},"end":{"line":22,"column":1}},"line":9},"1":{"name":"(anonymous_1)","decl":{"start":{"line":14,"column":24},"end":{"line":14,"column":25}},"loc":{"start":{"line":15,"column":6},"end":{"line":15,"column":52}},"line":15}},"branchMap":{"0":{"loc":{"start":{"line":11,"column":2},"end":{"line":11,"column":62}},"type":"if","locations":[{"start":{"line":11,"column":2},"end":{"line":11,"column":62}},{"start":{"line":11,"column":2},"end":{"line":11,"column":62}}],"line":11},"1":{"loc":{"start":{"line":15,"column":10},"end":{"line":15,"column":37}},"type":"binary-expr","locations":[{"start":{"line":15,"column":10},"end":{"line":15,"column":26}},{"start":{"line":15,"column":30},"end":{"line":15,"column":37}}],"line":15}},"s":{"0":8,"1":5,"2":5,"3":1,"4":4,"5":8,"6":4,"7":8},"f":{"0":5,"1":8},"b":{"0":[1,4],"1":[8,2]},"_coverageSchema":"1a1c01bbd47fc00a2c39e90264f33305004495a9","hash":"713d61e705f03e149d1e5940766b1ccb5d53a08b"}
,"/Users/omarazizmirza/Desktop/express-jobly/helpers/tokens.js": {"path":"/Users/omarazizmirza/Desktop/express-jobly/helpers/tokens.js","statementMap":{"0":{"start":{"line":1,"column":12},"end":{"line":1,"column":35}},"1":{"start":{"line":2,"column":23},"end":{"line":2,"column":43}},"2":{"start":{"line":7,"column":2},"end":{"line":8,"column":58}},"3":{"start":{"line":10,"column":16},"end":{"line":13,"column":3}},"4":{"start":{"line":15,"column":2},"end":{"line":15,"column":39}},"5":{"start":{"line":18,"column":0},"end":{"line":18,"column":33}}},"fnMap":{"0":{"name":"createToken","decl":{"start":{"line":6,"column":9},"end":{"line":6,"column":20}},"loc":{"start":{"line":6,"column":27},"end":{"line":16,"column":1}},"line":6}},"branchMap":{"0":{"loc":{"start":{"line":12,"column":13},"end":{"line":12,"column":34}},"type":"binary-expr","locations":[{"start":{"line":12,"column":13},"end":{"line":12,"column":25}},{"start":{"line":12,"column":29},"end":{"line":12,"column":34}}],"line":12}},"s":{"0":5,"1":5,"2":8,"3":8,"4":8,"5":5},"f":{"0":8},"b":{"0":[8,7]},"_coverageSchema":"1a1c01bbd47fc00a2c39e90264f33305004495a9","hash":"dc9cbdaa91cd57260a0024c97aed7cf9a2c14b21"}
,"/Users/omarazizmirza/Desktop/express-jobly/middleware/auth.js": {"path":"/Users/omarazizmirza/Desktop/express-jobly/middleware/auth.js","statementMap":{"0":{"start":{"line":5,"column":12},"end":{"line":5,"column":35}},"1":{"start":{"line":6,"column":23},"end":{"line":6,"column":43}},"2":{"start":{"line":7,"column":30},"end":{"line":7,"column":56}},"3":{"start":{"line":19,"column":2},"end":{"line":28,"column":3}},"4":{"start":{"line":20,"column":23},"end":{"line":20,"column":63}},"5":{"start":{"line":21,"column":4},"end":{"line":24,"column":5}},"6":{"start":{"line":22,"column":20},"end":{"line":22,"column":64}},"7":{"start":{"line":23,"column":6},"end":{"line":23,"column":54}},"8":{"start":{"line":25,"column":4},"end":{"line":25,"column":18}},"9":{"start":{"line":27,"column":4},"end":{"line":27,"column":18}},"10":{"start":{"line":37,"column":2},"end":{"line":42,"column":3}},"11":{"start":{"line":38,"column":4},"end":{"line":38,"column":56}},"12":{"start":{"line":38,"column":26},"end":{"line":38,"column":56}},"13":{"start":{"line":39,"column":4},"end":{"line":39,"column":18}},"14":{"start":{"line":41,"column":4},"end":{"line":41,"column":21}},"15":{"start":{"line":46,"column":2},"end":{"line":51,"column":3}},"16":{"start":{"line":47,"column":4},"end":{"line":47,"column":84}},"17":{"start":{"line":47,"column":54},"end":{"line":47,"column":84}},"18":{"start":{"line":48,"column":4},"end":{"line":48,"column":18}},"19":{"start":{"line":50,"column":4},"end":{"line":50,"column":21}},"20":{"start":{"line":55,"column":0},"end":{"line":59,"column":2}}},"fnMap":{"0":{"name":"authenticateJWT","decl":{"start":{"line":18,"column":9},"end":{"line":18,"column":24}},"loc":{"start":{"line":18,"column":41},"end":{"line":29,"column":1}},"line":18},"1":{"name":"ensureLoggedIn","decl":{"start":{"line":36,"column":9},"end":{"line":36,"column":23}},"loc":{"start":{"line":36,"column":40},"end":{"line":43,"column":1}},"line":36},"2":{"name":"ensureAdmin","decl":{"start":{"line":45,"column":9},"end":{"line":45,"column":20}},"loc":{"start":{"line":45,"column":37},"end":{"line":52,"column":1}},"line":45}},"branchMap":{"0":{"loc":{"start":{"line":20,"column":23},"end":{"line":20,"column":63}},"type":"binary-expr","locations":[{"start":{"line":20,"column":23},"end":{"line":20,"column":34}},{"start":{"line":20,"column":38},"end":{"line":20,"column":63}}],"line":20},"1":{"loc":{"start":{"line":21,"column":4},"end":{"line":24,"column":5}},"type":"if","locations":[{"start":{"line":21,"column":4},"end":{"line":24,"column":5}},{"start":{"line":21,"column":4},"end":{"line":24,"column":5}}],"line":21},"2":{"loc":{"start":{"line":38,"column":4},"end":{"line":38,"column":56}},"type":"if","locations":[{"start":{"line":38,"column":4},"end":{"line":38,"column":56}},{"start":{"line":38,"column":4},"end":{"line":38,"column":56}}],"line":38},"3":{"loc":{"start":{"line":47,"column":4},"end":{"line":47,"column":84}},"type":"if","locations":[{"start":{"line":47,"column":4},"end":{"line":47,"column":84}},{"start":{"line":47,"column":4},"end":{"line":47,"column":84}}],"line":47},"4":{"loc":{"start":{"line":47,"column":8},"end":{"line":47,"column":52}},"type":"binary-expr","locations":[{"start":{"line":47,"column":8},"end":{"line":47,"column":24}},{"start":{"line":47,"column":28},"end":{"line":47,"column":52}}],"line":47}},"s":{"0":5,"1":5,"2":5,"3":48,"4":48,"5":48,"6":26,"7":26,"8":47,"9":1,"10":2,"11":2,"12":1,"13":1,"14":1,"15":32,"16":32,"17":31,"18":1,"19":31,"20":5},"f":{"0":48,"1":2,"2":32},"b":{"0":[48,47],"1":[26,22],"2":[1,1],"3":[31,1],"4":[32,24]},"_coverageSchema":"1a1c01bbd47fc00a2c39e90264f33305004495a9","hash":"2d75c34b52de9760162ee803494a51dba062bc97"}
,"/Users/omarazizmirza/Desktop/express-jobly/models/_testCommon.js": {"path":"/Users/omarazizmirza/Desktop/express-jobly/models/_testCommon.js","statementMap":{"0":{"start":{"line":1,"column":15},"end":{"line":1,"column":32}},"1":{"start":{"line":3,"column":11},"end":{"line":3,"column":30}},"2":{"start":{"line":4,"column":31},"end":{"line":4,"column":51}},"3":{"start":{"line":8,"column":2},"end":{"line":8,"column":42}},"4":{"start":{"line":10,"column":2},"end":{"line":10,"column":38}},"5":{"start":{"line":11,"column":2},"end":{"line":11,"column":36}},"6":{"start":{"line":12,"column":2},"end":{"line":16,"column":55}},"7":{"start":{"line":18,"column":2},"end":{"line":30,"column":9}},"8":{"start":{"line":31,"column":2},"end":{"line":35,"column":44}},"9":{"start":{"line":39,"column":2},"end":{"line":39,"column":26}},"10":{"start":{"line":43,"column":2},"end":{"line":43,"column":29}},"11":{"start":{"line":47,"column":2},"end":{"line":47,"column":17}},"12":{"start":{"line":51,"column":0},"end":{"line":56,"column":2}}},"fnMap":{"0":{"name":"commonBeforeAll","decl":{"start":{"line":6,"column":15},"end":{"line":6,"column":30}},"loc":{"start":{"line":6,"column":33},"end":{"line":36,"column":1}},"line":6},"1":{"name":"commonBeforeEach","decl":{"start":{"line":38,"column":15},"end":{"line":38,"column":31}},"loc":{"start":{"line":38,"column":34},"end":{"line":40,"column":1}},"line":38},"2":{"name":"commonAfterEach","decl":{"start":{"line":42,"column":15},"end":{"line":42,"column":30}},"loc":{"start":{"line":42,"column":33},"end":{"line":44,"column":1}},"line":42},"3":{"name":"commonAfterAll","decl":{"start":{"line":46,"column":15},"end":{"line":46,"column":29}},"loc":{"start":{"line":46,"column":32},"end":{"line":48,"column":1}},"line":46}},"branchMap":{},"s":{"0":3,"1":3,"2":3,"3":3,"4":3,"5":3,"6":3,"7":2,"8":2,"9":28,"10":28,"11":3,"12":3},"f":{"0":3,"1":28,"2":28,"3":3},"b":{},"_coverageSchema":"1a1c01bbd47fc00a2c39e90264f33305004495a9","hash":"c63126908ad7349fca1df24a4b2e391b6694f18a"}
,"/Users/omarazizmirza/Desktop/express-jobly/models/company.js": {"path":"/Users/omarazizmirza/Desktop/express-jobly/models/company.js","statementMap":{"0":{"start":{"line":3,"column":11},"end":{"line":3,"column":27}},"1":{"start":{"line":4,"column":43},"end":{"line":4,"column":69}},"2":{"start":{"line":5,"column":32},"end":{"line":5,"column":57}},"3":{"start":{"line":21,"column":27},"end":{"line":25,"column":17}},"4":{"start":{"line":27,"column":4},"end":{"line":28,"column":64}},"5":{"start":{"line":28,"column":6},"end":{"line":28,"column":64}},"6":{"start":{"line":30,"column":19},"end":{"line":42,"column":5}},"7":{"start":{"line":43,"column":20},"end":{"line":43,"column":34}},"8":{"start":{"line":45,"column":4},"end":{"line":45,"column":19}},"9":{"start":{"line":55,"column":22},"end":{"line":55,"column":24}},"10":{"start":{"line":57,"column":4},"end":{"line":66,"column":5}},"11":{"start":{"line":58,"column":6},"end":{"line":58,"column":80}},"12":{"start":{"line":61,"column":9},"end":{"line":66,"column":5}},"13":{"start":{"line":62,"column":6},"end":{"line":62,"column":52}},"14":{"start":{"line":64,"column":9},"end":{"line":66,"column":5}},"15":{"start":{"line":65,"column":6},"end":{"line":65,"column":52}},"16":{"start":{"line":68,"column":4},"end":{"line":74,"column":5}},"17":{"start":{"line":69,"column":6},"end":{"line":69,"column":63}},"18":{"start":{"line":72,"column":9},"end":{"line":74,"column":5}},"19":{"start":{"line":73,"column":6},"end":{"line":73,"column":64}},"20":{"start":{"line":75,"column":27},"end":{"line":76,"column":70}},"21":{"start":{"line":78,"column":25},"end":{"line":78,"column":55}},"22":{"start":{"line":80,"column":4},"end":{"line":80,"column":29}},"23":{"start":{"line":92,"column":23},"end":{"line":100,"column":17}},"24":{"start":{"line":102,"column":20},"end":{"line":102,"column":38}},"25":{"start":{"line":104,"column":4},"end":{"line":104,"column":67}},"26":{"start":{"line":104,"column":18},"end":{"line":104,"column":67}},"27":{"start":{"line":106,"column":4},"end":{"line":106,"column":19}},"28":{"start":{"line":123,"column":4},"end":{"line":125,"column":5}},"29":{"start":{"line":124,"column":6},"end":{"line":124,"column":49}},"30":{"start":{"line":126,"column":32},"end":{"line":131,"column":10}},"31":{"start":{"line":132,"column":25},"end":{"line":132,"column":50}},"32":{"start":{"line":134,"column":21},"end":{"line":141,"column":54}},"33":{"start":{"line":142,"column":19},"end":{"line":142,"column":64}},"34":{"start":{"line":143,"column":20},"end":{"line":143,"column":34}},"35":{"start":{"line":145,"column":4},"end":{"line":145,"column":67}},"36":{"start":{"line":145,"column":18},"end":{"line":145,"column":67}},"37":{"start":{"line":147,"column":4},"end":{"line":147,"column":19}},"38":{"start":{"line":156,"column":19},"end":{"line":161,"column":17}},"39":{"start":{"line":162,"column":20},"end":{"line":162,"column":34}},"40":{"start":{"line":164,"column":4},"end":{"line":164,"column":67}},"41":{"start":{"line":164,"column":18},"end":{"line":164,"column":67}},"42":{"start":{"line":169,"column":0},"end":{"line":169,"column":25}}},"fnMap":{"0":{"name":"(anonymous_0)","decl":{"start":{"line":19,"column":2},"end":{"line":19,"column":3}},"loc":{"start":{"line":19,"column":76},"end":{"line":46,"column":3}},"line":19},"1":{"name":"(anonymous_1)","decl":{"start":{"line":53,"column":2},"end":{"line":53,"column":3}},"loc":{"start":{"line":53,"column":48},"end":{"line":81,"column":3}},"line":53},"2":{"name":"(anonymous_2)","decl":{"start":{"line":91,"column":2},"end":{"line":91,"column":3}},"loc":{"start":{"line":91,"column":27},"end":{"line":107,"column":3}},"line":91},"3":{"name":"(anonymous_3)","decl":{"start":{"line":121,"column":2},"end":{"line":121,"column":3}},"loc":{"start":{"line":121,"column":36},"end":{"line":148,"column":3}},"line":121},"4":{"name":"(anonymous_4)","decl":{"start":{"line":155,"column":2},"end":{"line":155,"column":3}},"loc":{"start":{"line":155,"column":30},"end":{"line":165,"column":3}},"line":155}},"branchMap":{"0":{"loc":{"start":{"line":27,"column":4},"end":{"line":28,"column":64}},"type":"if","locations":[{"start":{"line":27,"column":4},"end":{"line":28,"column":64}},{"start":{"line":27,"column":4},"end":{"line":28,"column":64}}],"line":27},"1":{"loc":{"start":{"line":53,"column":23},"end":{"line":53,"column":32}},"type":"default-arg","locations":[{"start":{"line":53,"column":30},"end":{"line":53,"column":32}}],"line":53},"2":{"loc":{"start":{"line":53,"column":34},"end":{"line":53,"column":39}},"type":"default-arg","locations":[{"start":{"line":53,"column":38},"end":{"line":53,"column":39}}],"line":53},"3":{"loc":{"start":{"line":53,"column":41},"end":{"line":53,"column":46}},"type":"default-arg","locations":[{"start":{"line":53,"column":45},"end":{"line":53,"column":46}}],"line":53},"4":{"loc":{"start":{"line":57,"column":4},"end":{"line":66,"column":5}},"type":"if","locations":[{"start":{"line":57,"column":4},"end":{"line":66,"column":5}},{"start":{"line":57,"column":4},"end":{"line":66,"column":5}}],"line":57},"5":{"loc":{"start":{"line":57,"column":7},"end":{"line":57,"column":29}},"type":"binary-expr","locations":[{"start":{"line":57,"column":7},"end":{"line":57,"column":16}},{"start":{"line":57,"column":20},"end":{"line":57,"column":29}}],"line":57},"6":{"loc":{"start":{"line":61,"column":9},"end":{"line":66,"column":5}},"type":"if","locations":[{"start":{"line":61,"column":9},"end":{"line":66,"column":5}},{"start":{"line":61,"column":9},"end":{"line":66,"column":5}}],"line":61},"7":{"loc":{"start":{"line":64,"column":9},"end":{"line":66,"column":5}},"type":"if","locations":[{"start":{"line":64,"column":9},"end":{"line":66,"column":5}},{"start":{"line":64,"column":9},"end":{"line":66,"column":5}}],"line":64},"8":{"loc":{"start":{"line":68,"column":4},"end":{"line":74,"column":5}},"type":"if","locations":[{"start":{"line":68,"column":4},"end":{"line":74,"column":5}},{"start":{"line":68,"column":4},"end":{"line":74,"column":5}}],"line":68},"9":{"loc":{"start":{"line":68,"column":7},"end":{"line":68,"column":40}},"type":"binary-expr","locations":[{"start":{"line":68,"column":7},"end":{"line":68,"column":18}},{"start":{"line":68,"column":22},"end":{"line":68,"column":40}}],"line":68},"10":{"loc":{"start":{"line":72,"column":9},"end":{"line":74,"column":5}},"type":"if","locations":[{"start":{"line":72,"column":9},"end":{"line":74,"column":5}},{"start":{"line":72,"column":9},"end":{"line":74,"column":5}}],"line":72},"11":{"loc":{"start":{"line":72,"column":12},"end":{"line":72,"column":45}},"type":"binary-expr","locations":[{"start":{"line":72,"column":12},"end":{"line":72,"column":23}},{"start":{"line":72,"column":27},"end":{"line":72,"column":45}}],"line":72},"12":{"loc":{"start":{"line":104,"column":4},"end":{"line":104,"column":67}},"type":"if","locations":[{"start":{"line":104,"column":4},"end":{"line":104,"column":67}},{"start":{"line":104,"column":4},"end":{"line":104,"column":67}}],"line":104},"13":{"loc":{"start":{"line":123,"column":4},"end":{"line":125,"column":5}},"type":"if","locations":[{"start":{"line":123,"column":4},"end":{"line":125,"column":5}},{"start":{"line":123,"column":4},"end":{"line":125,"column":5}}],"line":123},"14":{"loc":{"start":{"line":145,"column":4},"end":{"line":145,"column":67}},"type":"if","locations":[{"start":{"line":145,"column":4},"end":{"line":145,"column":67}},{"start":{"line":145,"column":4},"end":{"line":145,"column":67}}],"line":145},"15":{"loc":{"start":{"line":164,"column":4},"end":{"line":164,"column":67}},"type":"if","locations":[{"start":{"line":164,"column":4},"end":{"line":164,"column":67}},{"start":{"line":164,"column":4},"end":{"line":164,"column":67}}],"line":164}},"s":{"0":5,"1":5,"2":5,"3":10,"4":10,"5":1,"6":9,"7":8,"8":8,"9":7,"10":7,"11":1,"12":6,"13":1,"14":5,"15":1,"16":7,"17":0,"18":7,"19":1,"20":7,"21":7,"22":6,"23":5,"24":5,"25":5,"26":2,"27":3,"28":4,"29":0,"30":0,"31":0,"32":0,"33":0,"34":0,"35":0,"36":0,"37":0,"38":2,"39":2,"40":2,"41":1,"42":5},"f":{"0":10,"1":7,"2":5,"3":4,"4":2},"b":{"0":[1,9],"1":[3],"2":[4],"3":[5],"4":[1,6],"5":[7,2],"6":[1,5],"7":[1,4],"8":[0,7],"9":[7,1],"10":[1,6],"11":[7,1],"12":[2,3],"13":[0,0],"14":[0,0],"15":[1,1]},"_coverageSchema":"1a1c01bbd47fc00a2c39e90264f33305004495a9","hash":"f368594edabdd0232b5948efcd34eb58c27d0825"}
,"/Users/omarazizmirza/Desktop/express-jobly/models/job.js": {"path":"/Users/omarazizmirza/Desktop/express-jobly/models/job.js","statementMap":{"0":{"start":{"line":3,"column":11},"end":{"line":3,"column":27}},"1":{"start":{"line":4,"column":43},"end":{"line":4,"column":69}},"2":{"start":{"line":5,"column":32},"end":{"line":5,"column":57}},"3":{"start":{"line":21,"column":27},"end":{"line":25,"column":14}},"4":{"start":{"line":27,"column":4},"end":{"line":28,"column":59}},"5":{"start":{"line":28,"column":6},"end":{"line":28,"column":59}},"6":{"start":{"line":29,"column":8},"end":{"line":29,"column":59}},"7":{"start":{"line":30,"column":19},"end":{"line":41,"column":5}},"8":{"start":{"line":42,"column":16},"end":{"line":42,"column":30}},"9":{"start":{"line":44,"column":4},"end":{"line":44,"column":15}},"10":{"start":{"line":54,"column":22},"end":{"line":54,"column":24}},"11":{"start":{"line":56,"column":4},"end":{"line":58,"column":5}},"12":{"start":{"line":57,"column":6},"end":{"line":57,"column":44}},"13":{"start":{"line":60,"column":4},"end":{"line":65,"column":5}},"14":{"start":{"line":61,"column":6},"end":{"line":61,"column":44}},"15":{"start":{"line":63,"column":9},"end":{"line":65,"column":5}},"16":{"start":{"line":64,"column":6},"end":{"line":64,"column":45}},"17":{"start":{"line":67,"column":4},"end":{"line":73,"column":5}},"18":{"start":{"line":68,"column":6},"end":{"line":68,"column":65}},"19":{"start":{"line":71,"column":9},"end":{"line":73,"column":5}},"20":{"start":{"line":72,"column":6},"end":{"line":72,"column":66}},"21":{"start":{"line":74,"column":22},"end":{"line":74,"column":109}},"22":{"start":{"line":76,"column":20},"end":{"line":76,"column":45}},"23":{"start":{"line":78,"column":4},"end":{"line":78,"column":24}},"24":{"start":{"line":90,"column":19},"end":{"line":97,"column":14}},"25":{"start":{"line":99,"column":16},"end":{"line":99,"column":30}},"26":{"start":{"line":101,"column":4},"end":{"line":101,"column":58}},"27":{"start":{"line":101,"column":14},"end":{"line":101,"column":58}},"28":{"start":{"line":103,"column":4},"end":{"line":103,"column":15}},"29":{"start":{"line":154,"column":19},"end":{"line":159,"column":14}},"30":{"start":{"line":160,"column":16},"end":{"line":160,"column":30}},"31":{"start":{"line":162,"column":4},"end":{"line":162,"column":58}},"32":{"start":{"line":162,"column":14},"end":{"line":162,"column":58}},"33":{"start":{"line":167,"column":0},"end":{"line":167,"column":21}}},"fnMap":{"0":{"name":"(anonymous_0)","decl":{"start":{"line":19,"column":2},"end":{"line":19,"column":3}},"loc":{"start":{"line":19,"column":65},"end":{"line":45,"column":3}},"line":19},"1":{"name":"(anonymous_1)","decl":{"start":{"line":52,"column":2},"end":{"line":52,"column":3}},"loc":{"start":{"line":52,"column":63},"end":{"line":79,"column":3}},"line":52},"2":{"name":"(anonymous_2)","decl":{"start":{"line":89,"column":2},"end":{"line":89,"column":3}},"loc":{"start":{"line":89,"column":26},"end":{"line":104,"column":3}},"line":89},"3":{"name":"(anonymous_3)","decl":{"start":{"line":153,"column":2},"end":{"line":153,"column":3}},"loc":{"start":{"line":153,"column":29},"end":{"line":163,"column":3}},"line":153}},"branchMap":{"0":{"loc":{"start":{"line":27,"column":4},"end":{"line":28,"column":59}},"type":"if","locations":[{"start":{"line":27,"column":4},"end":{"line":28,"column":59}},{"start":{"line":27,"column":4},"end":{"line":28,"column":59}}],"line":27},"1":{"loc":{"start":{"line":52,"column":23},"end":{"line":52,"column":33}},"type":"default-arg","locations":[{"start":{"line":52,"column":31},"end":{"line":52,"column":33}}],"line":52},"2":{"loc":{"start":{"line":52,"column":35},"end":{"line":52,"column":42}},"type":"default-arg","locations":[{"start":{"line":52,"column":41},"end":{"line":52,"column":42}}],"line":52},"3":{"loc":{"start":{"line":52,"column":44},"end":{"line":52,"column":61}},"type":"default-arg","locations":[{"start":{"line":52,"column":56},"end":{"line":52,"column":61}}],"line":52},"4":{"loc":{"start":{"line":56,"column":4},"end":{"line":58,"column":5}},"type":"if","locations":[{"start":{"line":56,"column":4},"end":{"line":58,"column":5}},{"start":{"line":56,"column":4},"end":{"line":58,"column":5}}],"line":56},"5":{"loc":{"start":{"line":60,"column":4},"end":{"line":65,"column":5}},"type":"if","locations":[{"start":{"line":60,"column":4},"end":{"line":65,"column":5}},{"start":{"line":60,"column":4},"end":{"line":65,"column":5}}],"line":60},"6":{"loc":{"start":{"line":60,"column":7},"end":{"line":60,"column":48}},"type":"binary-expr","locations":[{"start":{"line":60,"column":7},"end":{"line":60,"column":26}},{"start":{"line":60,"column":30},"end":{"line":60,"column":48}}],"line":60},"7":{"loc":{"start":{"line":63,"column":9},"end":{"line":65,"column":5}},"type":"if","locations":[{"start":{"line":63,"column":9},"end":{"line":65,"column":5}},{"start":{"line":63,"column":9},"end":{"line":65,"column":5}}],"line":63},"8":{"loc":{"start":{"line":63,"column":12},"end":{"line":63,"column":53}},"type":"binary-expr","locations":[{"start":{"line":63,"column":12},"end":{"line":63,"column":31}},{"start":{"line":63,"column":35},"end":{"line":63,"column":53}}],"line":63},"9":{"loc":{"start":{"line":67,"column":4},"end":{"line":73,"column":5}},"type":"if","locations":[{"start":{"line":67,"column":4},"end":{"line":73,"column":5}},{"start":{"line":67,"column":4},"end":{"line":73,"column":5}}],"line":67},"10":{"loc":{"start":{"line":67,"column":8},"end":{"line":67,"column":42}},"type":"binary-expr","locations":[{"start":{"line":67,"column":8},"end":{"line":67,"column":20}},{"start":{"line":67,"column":24},"end":{"line":67,"column":42}}],"line":67},"11":{"loc":{"start":{"line":71,"column":9},"end":{"line":73,"column":5}},"type":"if","locations":[{"start":{"line":71,"column":9},"end":{"line":73,"column":5}},{"start":{"line":71,"column":9},"end":{"line":73,"column":5}}],"line":71},"12":{"loc":{"start":{"line":71,"column":13},"end":{"line":71,"column":47}},"type":"binary-expr","locations":[{"start":{"line":71,"column":13},"end":{"line":71,"column":25}},{"start":{"line":71,"column":29},"end":{"line":71,"column":47}}],"line":71},"13":{"loc":{"start":{"line":101,"column":4},"end":{"line":101,"column":58}},"type":"if","locations":[{"start":{"line":101,"column":4},"end":{"line":101,"column":58}},{"start":{"line":101,"column":4},"end":{"line":101,"column":58}}],"line":101},"14":{"loc":{"start":{"line":162,"column":4},"end":{"line":162,"column":58}},"type":"if","locations":[{"start":{"line":162,"column":4},"end":{"line":162,"column":58}},{"start":{"line":162,"column":4},"end":{"line":162,"column":58}}],"line":162}},"s":{"0":1,"1":1,"2":1,"3":1,"4":1,"5":0,"6":1,"7":1,"8":1,"9":1,"10":0,"11":0,"12":0,"13":0,"14":0,"15":0,"16":0,"17":0,"18":0,"19":0,"20":0,"21":0,"22":0,"23":0,"24":0,"25":0,"26":0,"27":0,"28":0,"29":0,"30":0,"31":0,"32":0,"33":1},"f":{"0":1,"1":0,"2":0,"3":0},"b":{"0":[0,1],"1":[0],"2":[0],"3":[0],"4":[0,0],"5":[0,0],"6":[0,0],"7":[0,0],"8":[0,0],"9":[0,0],"10":[0,0],"11":[0,0],"12":[0,0],"13":[0,0],"14":[0,0]},"_coverageSchema":"1a1c01bbd47fc00a2c39e90264f33305004495a9","hash":"7b53e16721944dbba1b932899a1151e7a682703e"}
,"/Users/omarazizmirza/Desktop/express-jobly/models/user.js": {"path":"/Users/omarazizmirza/Desktop/express-jobly/models/user.js","statementMap":{"0":{"start":{"line":3,"column":11},"end":{"line":3,"column":27}},"1":{"start":{"line":4,"column":15},"end":{"line":4,"column":32}},"2":{"start":{"line":5,"column":32},"end":{"line":5,"column":57}},"3":{"start":{"line":10,"column":4},"end":{"line":10,"column":30}},"4":{"start":{"line":12,"column":31},"end":{"line":12,"column":54}},"5":{"start":{"line":26,"column":19},"end":{"line":36,"column":5}},"6":{"start":{"line":38,"column":17},"end":{"line":38,"column":31}},"7":{"start":{"line":40,"column":4},"end":{"line":47,"column":5}},"8":{"start":{"line":42,"column":22},"end":{"line":42,"column":67}},"9":{"start":{"line":43,"column":6},"end":{"line":46,"column":7}},"10":{"start":{"line":44,"column":8},"end":{"line":44,"column":29}},"11":{"start":{"line":45,"column":8},"end":{"line":45,"column":20}},"12":{"start":{"line":49,"column":4},"end":{"line":49,"column":61}},"13":{"start":{"line":61,"column":27},"end":{"line":66,"column":5}},"14":{"start":{"line":68,"column":4},"end":{"line":70,"column":5}},"15":{"start":{"line":69,"column":6},"end":{"line":69,"column":67}},"16":{"start":{"line":72,"column":27},"end":{"line":72,"column":74}},"17":{"start":{"line":74,"column":19},"end":{"line":92,"column":5}},"18":{"start":{"line":94,"column":17},"end":{"line":94,"column":31}},"19":{"start":{"line":96,"column":4},"end":{"line":96,"column":16}},"20":{"start":{"line":105,"column":19},"end":{"line":113,"column":5}},"21":{"start":{"line":115,"column":4},"end":{"line":115,"column":23}},"22":{"start":{"line":127,"column":20},"end":{"line":136,"column":5}},"23":{"start":{"line":138,"column":17},"end":{"line":138,"column":32}},"24":{"start":{"line":140,"column":4},"end":{"line":140,"column":63}},"25":{"start":{"line":140,"column":15},"end":{"line":140,"column":63}},"26":{"start":{"line":142,"column":4},"end":{"line":142,"column":16}},"27":{"start":{"line":163,"column":4},"end":{"line":165,"column":5}},"28":{"start":{"line":164,"column":6},"end":{"line":164,"column":75}},"29":{"start":{"line":167,"column":32},"end":{"line":173,"column":10}},"30":{"start":{"line":174,"column":27},"end":{"line":174,"column":52}},"31":{"start":{"line":176,"column":21},"end":{"line":183,"column":54}},"32":{"start":{"line":184,"column":19},"end":{"line":184,"column":66}},"33":{"start":{"line":185,"column":17},"end":{"line":185,"column":31}},"34":{"start":{"line":187,"column":4},"end":{"line":187,"column":63}},"35":{"start":{"line":187,"column":15},"end":{"line":187,"column":63}},"36":{"start":{"line":189,"column":4},"end":{"line":189,"column":25}},"37":{"start":{"line":190,"column":4},"end":{"line":190,"column":16}},"38":{"start":{"line":196,"column":17},"end":{"line":202,"column":5}},"39":{"start":{"line":203,"column":17},"end":{"line":203,"column":31}},"40":{"start":{"line":205,"column":4},"end":{"line":205,"column":63}},"41":{"start":{"line":205,"column":15},"end":{"line":205,"column":63}},"42":{"start":{"line":210,"column":0},"end":{"line":210,"column":22}}},"fnMap":{"0":{"name":"(anonymous_0)","decl":{"start":{"line":24,"column":2},"end":{"line":24,"column":3}},"loc":{"start":{"line":24,"column":48},"end":{"line":50,"column":3}},"line":24},"1":{"name":"(anonymous_1)","decl":{"start":{"line":59,"column":2},"end":{"line":59,"column":3}},"loc":{"start":{"line":60,"column":67},"end":{"line":97,"column":3}},"line":60},"2":{"name":"(anonymous_2)","decl":{"start":{"line":104,"column":2},"end":{"line":104,"column":3}},"loc":{"start":{"line":104,"column":25},"end":{"line":116,"column":3}},"line":104},"3":{"name":"(anonymous_3)","decl":{"start":{"line":126,"column":2},"end":{"line":126,"column":3}},"loc":{"start":{"line":126,"column":29},"end":{"line":143,"column":3}},"line":126},"4":{"name":"(anonymous_4)","decl":{"start":{"line":162,"column":2},"end":{"line":162,"column":3}},"loc":{"start":{"line":162,"column":38},"end":{"line":191,"column":3}},"line":162},"5":{"name":"(anonymous_5)","decl":{"start":{"line":195,"column":2},"end":{"line":195,"column":3}},"loc":{"start":{"line":195,"column":32},"end":{"line":206,"column":3}},"line":195}},"branchMap":{"0":{"loc":{"start":{"line":40,"column":4},"end":{"line":47,"column":5}},"type":"if","locations":[{"start":{"line":40,"column":4},"end":{"line":47,"column":5}},{"start":{"line":40,"column":4},"end":{"line":47,"column":5}}],"line":40},"1":{"loc":{"start":{"line":43,"column":6},"end":{"line":46,"column":7}},"type":"if","locations":[{"start":{"line":43,"column":6},"end":{"line":46,"column":7}},{"start":{"line":43,"column":6},"end":{"line":46,"column":7}}],"line":43},"2":{"loc":{"start":{"line":68,"column":4},"end":{"line":70,"column":5}},"type":"if","locations":[{"start":{"line":68,"column":4},"end":{"line":70,"column":5}},{"start":{"line":68,"column":4},"end":{"line":70,"column":5}}],"line":68},"3":{"loc":{"start":{"line":140,"column":4},"end":{"line":140,"column":63}},"type":"if","locations":[{"start":{"line":140,"column":4},"end":{"line":140,"column":63}},{"start":{"line":140,"column":4},"end":{"line":140,"column":63}}],"line":140},"4":{"loc":{"start":{"line":163,"column":4},"end":{"line":165,"column":5}},"type":"if","locations":[{"start":{"line":163,"column":4},"end":{"line":165,"column":5}},{"start":{"line":163,"column":4},"end":{"line":165,"column":5}}],"line":163},"5":{"loc":{"start":{"line":187,"column":4},"end":{"line":187,"column":63}},"type":"if","locations":[{"start":{"line":187,"column":4},"end":{"line":187,"column":63}},{"start":{"line":187,"column":4},"end":{"line":187,"column":63}}],"line":187},"6":{"loc":{"start":{"line":205,"column":4},"end":{"line":205,"column":63}},"type":"if","locations":[{"start":{"line":205,"column":4},"end":{"line":205,"column":63}},{"start":{"line":205,"column":4},"end":{"line":205,"column":63}}],"line":205}},"s":{"0":5,"1":5,"2":5,"3":5,"4":5,"5":6,"6":6,"7":6,"8":3,"9":3,"10":2,"11":2,"12":4,"13":11,"14":11,"15":1,"16":10,"17":10,"18":10,"19":10,"20":1,"21":1,"22":2,"23":2,"24":2,"25":1,"26":1,"27":4,"28":1,"29":4,"30":3,"31":3,"32":3,"33":3,"34":3,"35":1,"36":2,"37":2,"38":2,"39":2,"40":2,"41":1,"42":5},"f":{"0":6,"1":11,"2":1,"3":2,"4":4,"5":2},"b":{"0":[3,3],"1":[2,1],"2":[1,10],"3":[1,1],"4":[1,3],"5":[1,2],"6":[1,1]},"_coverageSchema":"1a1c01bbd47fc00a2c39e90264f33305004495a9","hash":"bbf6aad31e869b3519cfb3da19d433ded5c9a468"}
,"/Users/omarazizmirza/Desktop/express-jobly/routes/_testCommon.js": {"path":"/Users/omarazizmirza/Desktop/express-jobly/routes/_testCommon.js","statementMap":{"0":{"start":{"line":3,"column":11},"end":{"line":3,"column":30}},"1":{"start":{"line":4,"column":13},"end":{"line":4,"column":38}},"2":{"start":{"line":5,"column":16},"end":{"line":5,"column":44}},"3":{"start":{"line":6,"column":24},"end":{"line":6,"column":52}},"4":{"start":{"line":10,"column":2},"end":{"line":10,"column":38}},"5":{"start":{"line":12,"column":2},"end":{"line":12,"column":42}},"6":{"start":{"line":14,"column":2},"end":{"line":21,"column":9}},"7":{"start":{"line":22,"column":2},"end":{"line":29,"column":9}},"8":{"start":{"line":30,"column":2},"end":{"line":37,"column":9}},"9":{"start":{"line":39,"column":2},"end":{"line":46,"column":5}},"10":{"start":{"line":47,"column":2},"end":{"line":54,"column":5}},"11":{"start":{"line":55,"column":2},"end":{"line":62,"column":5}},"12":{"start":{"line":66,"column":2},"end":{"line":66,"column":26}},"13":{"start":{"line":70,"column":2},"end":{"line":70,"column":29}},"14":{"start":{"line":74,"column":2},"end":{"line":74,"column":17}},"15":{"start":{"line":78,"column":16},"end":{"line":78,"column":63}},"16":{"start":{"line":81,"column":0},"end":{"line":87,"column":2}}},"fnMap":{"0":{"name":"commonBeforeAll","decl":{"start":{"line":8,"column":15},"end":{"line":8,"column":30}},"loc":{"start":{"line":8,"column":33},"end":{"line":63,"column":1}},"line":8},"1":{"name":"commonBeforeEach","decl":{"start":{"line":65,"column":15},"end":{"line":65,"column":31}},"loc":{"start":{"line":65,"column":34},"end":{"line":67,"column":1}},"line":65},"2":{"name":"commonAfterEach","decl":{"start":{"line":69,"column":15},"end":{"line":69,"column":30}},"loc":{"start":{"line":69,"column":33},"end":{"line":71,"column":1}},"line":69},"3":{"name":"commonAfterAll","decl":{"start":{"line":73,"column":15},"end":{"line":73,"column":29}},"loc":{"start":{"line":73,"column":32},"end":{"line":75,"column":1}},"line":73}},"branchMap":{},"s":{"0":3,"1":3,"2":3,"3":3,"4":3,"5":3,"6":3,"7":2,"8":2,"9":2,"10":2,"11":2,"12":43,"13":43,"14":3,"15":3,"16":3},"f":{"0":3,"1":43,"2":43,"3":3},"b":{},"_coverageSchema":"1a1c01bbd47fc00a2c39e90264f33305004495a9","hash":"4a5da9fcb8315445a97b51dcd90dedb8c361f199"}
,"/Users/omarazizmirza/Desktop/express-jobly/routes/auth.js": {"path":"/Users/omarazizmirza/Desktop/express-jobly/routes/auth.js","statementMap":{"0":{"start":{"line":5,"column":19},"end":{"line":5,"column":40}},"1":{"start":{"line":7,"column":13},"end":{"line":7,"column":38}},"2":{"start":{"line":8,"column":16},"end":{"line":8,"column":34}},"3":{"start":{"line":9,"column":15},"end":{"line":9,"column":35}},"4":{"start":{"line":10,"column":24},"end":{"line":10,"column":52}},"5":{"start":{"line":11,"column":23},"end":{"line":11,"column":58}},"6":{"start":{"line":12,"column":27},"end":{"line":12,"column":66}},"7":{"start":{"line":13,"column":28},"end":{"line":13,"column":54}},"8":{"start":{"line":22,"column":0},"end":{"line":37,"column":3}},"9":{"start":{"line":23,"column":2},"end":{"line":36,"column":3}},"10":{"start":{"line":24,"column":22},"end":{"line":24,"column":67}},"11":{"start":{"line":25,"column":4},"end":{"line":28,"column":5}},"12":{"start":{"line":26,"column":19},"end":{"line":26,"column":53}},"13":{"start":{"line":26,"column":45},"end":{"line":26,"column":52}},"14":{"start":{"line":27,"column":6},"end":{"line":27,"column":38}},"15":{"start":{"line":30,"column":35},"end":{"line":30,"column":43}},"16":{"start":{"line":31,"column":17},"end":{"line":31,"column":60}},"17":{"start":{"line":32,"column":18},"end":{"line":32,"column":35}},"18":{"start":{"line":33,"column":4},"end":{"line":33,"column":31}},"19":{"start":{"line":35,"column":4},"end":{"line":35,"column":21}},"20":{"start":{"line":49,"column":0},"end":{"line":63,"column":3}},"21":{"start":{"line":50,"column":2},"end":{"line":62,"column":3}},"22":{"start":{"line":51,"column":22},"end":{"line":51,"column":71}},"23":{"start":{"line":52,"column":4},"end":{"line":55,"column":5}},"24":{"start":{"line":53,"column":19},"end":{"line":53,"column":53}},"25":{"start":{"line":53,"column":45},"end":{"line":53,"column":52}},"26":{"start":{"line":54,"column":6},"end":{"line":54,"column":38}},"27":{"start":{"line":57,"column":20},"end":{"line":57,"column":72}},"28":{"start":{"line":58,"column":18},"end":{"line":58,"column":38}},"29":{"start":{"line":59,"column":4},"end":{"line":59,"column":43}},"30":{"start":{"line":61,"column":4},"end":{"line":61,"column":21}},"31":{"start":{"line":66,"column":0},"end":{"line":66,"column":24}}},"fnMap":{"0":{"name":"(anonymous_0)","decl":{"start":{"line":22,"column":22},"end":{"line":22,"column":23}},"loc":{"start":{"line":22,"column":54},"end":{"line":37,"column":1}},"line":22},"1":{"name":"(anonymous_1)","decl":{"start":{"line":26,"column":40},"end":{"line":26,"column":41}},"loc":{"start":{"line":26,"column":45},"end":{"line":26,"column":52}},"line":26},"2":{"name":"(anonymous_2)","decl":{"start":{"line":49,"column":25},"end":{"line":49,"column":26}},"loc":{"start":{"line":49,"column":57},"end":{"line":63,"column":1}},"line":49},"3":{"name":"(anonymous_3)","decl":{"start":{"line":53,"column":40},"end":{"line":53,"column":41}},"loc":{"start":{"line":53,"column":45},"end":{"line":53,"column":52}},"line":53}},"branchMap":{"0":{"loc":{"start":{"line":25,"column":4},"end":{"line":28,"column":5}},"type":"if","locations":[{"start":{"line":25,"column":4},"end":{"line":28,"column":5}},{"start":{"line":25,"column":4},"end":{"line":28,"column":5}}],"line":25},"1":{"loc":{"start":{"line":52,"column":4},"end":{"line":55,"column":5}},"type":"if","locations":[{"start":{"line":52,"column":4},"end":{"line":55,"column":5}},{"start":{"line":52,"column":4},"end":{"line":55,"column":5}}],"line":52}},"s":{"0":4,"1":4,"2":4,"3":4,"4":4,"5":4,"6":4,"7":4,"8":4,"9":5,"10":5,"11":5,"12":2,"13":2,"14":2,"15":3,"16":3,"17":1,"18":1,"19":4,"20":4,"21":3,"22":3,"23":3,"24":2,"25":5,"26":2,"27":1,"28":1,"29":1,"30":2,"31":4},"f":{"0":5,"1":2,"2":3,"3":5},"b":{"0":[2,3],"1":[2,1]},"_coverageSchema":"1a1c01bbd47fc00a2c39e90264f33305004495a9","hash":"03b466d3b439d2c879a96229b859552ee28d49b8"}
,"/Users/omarazizmirza/Desktop/express-jobly/routes/companies.js": {"path":"/Users/omarazizmirza/Desktop/express-jobly/routes/companies.js","statementMap":{"0":{"start":{"line":5,"column":19},"end":{"line":5,"column":40}},"1":{"start":{"line":6,"column":16},"end":{"line":6,"column":34}},"2":{"start":{"line":8,"column":28},"end":{"line":8,"column":54}},"3":{"start":{"line":9,"column":27},"end":{"line":9,"column":56}},"4":{"start":{"line":10,"column":24},"end":{"line":10,"column":53}},"5":{"start":{"line":11,"column":16},"end":{"line":11,"column":44}},"6":{"start":{"line":13,"column":25},"end":{"line":13,"column":62}},"7":{"start":{"line":14,"column":28},"end":{"line":14,"column":68}},"8":{"start":{"line":16,"column":15},"end":{"line":16,"column":35}},"9":{"start":{"line":28,"column":0},"end":{"line":41,"column":3}},"10":{"start":{"line":29,"column":2},"end":{"line":40,"column":3}},"11":{"start":{"line":30,"column":22},"end":{"line":30,"column":69}},"12":{"start":{"line":31,"column":4},"end":{"line":34,"column":5}},"13":{"start":{"line":32,"column":19},"end":{"line":32,"column":53}},"14":{"start":{"line":32,"column":45},"end":{"line":32,"column":52}},"15":{"start":{"line":33,"column":6},"end":{"line":33,"column":38}},"16":{"start":{"line":36,"column":20},"end":{"line":36,"column":50}},"17":{"start":{"line":37,"column":4},"end":{"line":37,"column":45}},"18":{"start":{"line":39,"column":4},"end":{"line":39,"column":21}},"19":{"start":{"line":54,"column":0},"end":{"line":64,"column":3}},"20":{"start":{"line":55,"column":2},"end":{"line":63,"column":3}},"21":{"start":{"line":56,"column":17},"end":{"line":56,"column":31}},"22":{"start":{"line":57,"column":16},"end":{"line":57,"column":38}},"23":{"start":{"line":58,"column":16},"end":{"line":58,"column":38}},"24":{"start":{"line":59,"column":22},"end":{"line":59,"column":59}},"25":{"start":{"line":60,"column":4},"end":{"line":60,"column":35}},"26":{"start":{"line":62,"column":4},"end":{"line":62,"column":21}},"27":{"start":{"line":74,"column":0},"end":{"line":81,"column":3}},"28":{"start":{"line":75,"column":2},"end":{"line":80,"column":3}},"29":{"start":{"line":76,"column":20},"end":{"line":76,"column":56}},"30":{"start":{"line":77,"column":4},"end":{"line":77,"column":33}},"31":{"start":{"line":79,"column":4},"end":{"line":79,"column":21}},"32":{"start":{"line":94,"column":0},"end":{"line":107,"column":3}},"33":{"start":{"line":95,"column":2},"end":{"line":106,"column":3}},"34":{"start":{"line":96,"column":22},"end":{"line":96,"column":72}},"35":{"start":{"line":97,"column":4},"end":{"line":100,"column":5}},"36":{"start":{"line":98,"column":19},"end":{"line":98,"column":53}},"37":{"start":{"line":98,"column":45},"end":{"line":98,"column":52}},"38":{"start":{"line":99,"column":6},"end":{"line":99,"column":38}},"39":{"start":{"line":102,"column":20},"end":{"line":102,"column":69}},"40":{"start":{"line":103,"column":4},"end":{"line":103,"column":33}},"41":{"start":{"line":105,"column":4},"end":{"line":105,"column":21}},"42":{"start":{"line":114,"column":0},"end":{"line":121,"column":3}},"43":{"start":{"line":115,"column":2},"end":{"line":120,"column":3}},"44":{"start":{"line":116,"column":4},"end":{"line":116,"column":44}},"45":{"start":{"line":117,"column":4},"end":{"line":117,"column":52}},"46":{"start":{"line":119,"column":4},"end":{"line":119,"column":21}},"47":{"start":{"line":124,"column":0},"end":{"line":124,"column":24}}},"fnMap":{"0":{"name":"(anonymous_0)","decl":{"start":{"line":28,"column":30},"end":{"line":28,"column":31}},"loc":{"start":{"line":28,"column":62},"end":{"line":41,"column":1}},"line":28},"1":{"name":"(anonymous_1)","decl":{"start":{"line":32,"column":40},"end":{"line":32,"column":41}},"loc":{"start":{"line":32,"column":45},"end":{"line":32,"column":52}},"line":32},"2":{"name":"(anonymous_2)","decl":{"start":{"line":54,"column":16},"end":{"line":54,"column":17}},"loc":{"start":{"line":54,"column":48},"end":{"line":64,"column":1}},"line":54},"3":{"name":"(anonymous_3)","decl":{"start":{"line":74,"column":23},"end":{"line":74,"column":24}},"loc":{"start":{"line":74,"column":55},"end":{"line":81,"column":1}},"line":74},"4":{"name":"(anonymous_4)","decl":{"start":{"line":94,"column":38},"end":{"line":94,"column":39}},"loc":{"start":{"line":94,"column":70},"end":{"line":107,"column":1}},"line":94},"5":{"name":"(anonymous_5)","decl":{"start":{"line":98,"column":40},"end":{"line":98,"column":41}},"loc":{"start":{"line":98,"column":45},"end":{"line":98,"column":52}},"line":98},"6":{"name":"(anonymous_6)","decl":{"start":{"line":114,"column":39},"end":{"line":114,"column":40}},"loc":{"start":{"line":114,"column":71},"end":{"line":121,"column":1}},"line":114}},"branchMap":{"0":{"loc":{"start":{"line":31,"column":4},"end":{"line":34,"column":5}},"type":"if","locations":[{"start":{"line":31,"column":4},"end":{"line":34,"column":5}},{"start":{"line":31,"column":4},"end":{"line":34,"column":5}}],"line":31},"1":{"loc":{"start":{"line":97,"column":4},"end":{"line":100,"column":5}},"type":"if","locations":[{"start":{"line":97,"column":4},"end":{"line":100,"column":5}},{"start":{"line":97,"column":4},"end":{"line":100,"column":5}}],"line":97}},"s":{"0":4,"1":4,"2":4,"3":4,"4":4,"5":4,"6":4,"7":4,"8":4,"9":4,"10":0,"11":0,"12":0,"13":0,"14":0,"15":0,"16":0,"17":0,"18":0,"19":4,"20":2,"21":2,"22":2,"23":2,"24":2,"25":1,"26":1,"27":4,"28":3,"29":3,"30":2,"31":1,"32":4,"33":0,"34":0,"35":0,"36":0,"37":0,"38":0,"39":0,"40":0,"41":0,"42":4,"43":0,"44":0,"45":0,"46":0,"47":4},"f":{"0":0,"1":0,"2":2,"3":3,"4":0,"5":0,"6":0},"b":{"0":[0,0],"1":[0,0]},"_coverageSchema":"1a1c01bbd47fc00a2c39e90264f33305004495a9","hash":"e4c878991421f8dd2f310a1ff5515aa65d08a265"}
,"/Users/omarazizmirza/Desktop/express-jobly/routes/users.js": {"path":"/Users/omarazizmirza/Desktop/express-jobly/routes/users.js","statementMap":{"0":{"start":{"line":5,"column":19},"end":{"line":5,"column":40}},"1":{"start":{"line":7,"column":16},"end":{"line":7,"column":34}},"2":{"start":{"line":8,"column":27},"end":{"line":8,"column":56}},"3":{"start":{"line":9,"column":24},"end":{"line":9,"column":53}},"4":{"start":{"line":10,"column":28},"end":{"line":10,"column":54}},"5":{"start":{"line":11,"column":13},"end":{"line":11,"column":38}},"6":{"start":{"line":12,"column":24},"end":{"line":12,"column":52}},"7":{"start":{"line":13,"column":22},"end":{"line":13,"column":56}},"8":{"start":{"line":14,"column":25},"end":{"line":14,"column":62}},"9":{"start":{"line":16,"column":15},"end":{"line":16,"column":31}},"10":{"start":{"line":31,"column":0},"end":{"line":45,"column":3}},"11":{"start":{"line":32,"column":2},"end":{"line":44,"column":3}},"12":{"start":{"line":33,"column":22},"end":{"line":33,"column":66}},"13":{"start":{"line":34,"column":4},"end":{"line":37,"column":5}},"14":{"start":{"line":35,"column":19},"end":{"line":35,"column":53}},"15":{"start":{"line":35,"column":45},"end":{"line":35,"column":52}},"16":{"start":{"line":36,"column":6},"end":{"line":36,"column":38}},"17":{"start":{"line":39,"column":17},"end":{"line":39,"column":46}},"18":{"start":{"line":40,"column":18},"end":{"line":40,"column":35}},"19":{"start":{"line":41,"column":4},"end":{"line":41,"column":49}},"20":{"start":{"line":43,"column":4},"end":{"line":43,"column":21}},"21":{"start":{"line":55,"column":0},"end":{"line":62,"column":3}},"22":{"start":{"line":56,"column":2},"end":{"line":61,"column":3}},"23":{"start":{"line":57,"column":18},"end":{"line":57,"column":38}},"24":{"start":{"line":58,"column":4},"end":{"line":58,"column":31}},"25":{"start":{"line":60,"column":4},"end":{"line":60,"column":21}},"26":{"start":{"line":72,"column":0},"end":{"line":79,"column":3}},"27":{"start":{"line":73,"column":2},"end":{"line":78,"column":3}},"28":{"start":{"line":74,"column":17},"end":{"line":74,"column":52}},"29":{"start":{"line":75,"column":4},"end":{"line":75,"column":30}},"30":{"start":{"line":77,"column":4},"end":{"line":77,"column":21}},"31":{"start":{"line":92,"column":0},"end":{"line":105,"column":3}},"32":{"start":{"line":93,"column":2},"end":{"line":104,"column":3}},"33":{"start":{"line":94,"column":22},"end":{"line":94,"column":69}},"34":{"start":{"line":95,"column":4},"end":{"line":98,"column":5}},"35":{"start":{"line":96,"column":19},"end":{"line":96,"column":53}},"36":{"start":{"line":96,"column":45},"end":{"line":96,"column":52}},"37":{"start":{"line":97,"column":6},"end":{"line":97,"column":38}},"38":{"start":{"line":100,"column":17},"end":{"line":100,"column":65}},"39":{"start":{"line":101,"column":4},"end":{"line":101,"column":30}},"40":{"start":{"line":103,"column":4},"end":{"line":103,"column":21}},"41":{"start":{"line":113,"column":0},"end":{"line":120,"column":3}},"42":{"start":{"line":114,"column":2},"end":{"line":119,"column":3}},"43":{"start":{"line":115,"column":4},"end":{"line":115,"column":43}},"44":{"start":{"line":116,"column":4},"end":{"line":116,"column":54}},"45":{"start":{"line":118,"column":4},"end":{"line":118,"column":21}},"46":{"start":{"line":123,"column":0},"end":{"line":123,"column":24}}},"fnMap":{"0":{"name":"(anonymous_0)","decl":{"start":{"line":31,"column":30},"end":{"line":31,"column":31}},"loc":{"start":{"line":31,"column":62},"end":{"line":45,"column":1}},"line":31},"1":{"name":"(anonymous_1)","decl":{"start":{"line":35,"column":40},"end":{"line":35,"column":41}},"loc":{"start":{"line":35,"column":45},"end":{"line":35,"column":52}},"line":35},"2":{"name":"(anonymous_2)","decl":{"start":{"line":55,"column":29},"end":{"line":55,"column":30}},"loc":{"start":{"line":55,"column":61},"end":{"line":62,"column":1}},"line":55},"3":{"name":"(anonymous_3)","decl":{"start":{"line":72,"column":38},"end":{"line":72,"column":39}},"loc":{"start":{"line":72,"column":70},"end":{"line":79,"column":1}},"line":72},"4":{"name":"(anonymous_4)","decl":{"start":{"line":92,"column":40},"end":{"line":92,"column":41}},"loc":{"start":{"line":92,"column":72},"end":{"line":105,"column":1}},"line":92},"5":{"name":"(anonymous_5)","decl":{"start":{"line":96,"column":40},"end":{"line":96,"column":41}},"loc":{"start":{"line":96,"column":45},"end":{"line":96,"column":52}},"line":96},"6":{"name":"(anonymous_6)","decl":{"start":{"line":113,"column":41},"end":{"line":113,"column":42}},"loc":{"start":{"line":113,"column":73},"end":{"line":120,"column":1}},"line":113}},"branchMap":{"0":{"loc":{"start":{"line":34,"column":4},"end":{"line":37,"column":5}},"type":"if","locations":[{"start":{"line":34,"column":4},"end":{"line":37,"column":5}},{"start":{"line":34,"column":4},"end":{"line":37,"column":5}}],"line":34},"1":{"loc":{"start":{"line":95,"column":4},"end":{"line":98,"column":5}},"type":"if","locations":[{"start":{"line":95,"column":4},"end":{"line":98,"column":5}},{"start":{"line":95,"column":4},"end":{"line":98,"column":5}}],"line":95}},"s":{"0":4,"1":4,"2":4,"3":4,"4":4,"5":4,"6":4,"7":4,"8":4,"9":4,"10":4,"11":0,"12":0,"13":0,"14":0,"15":0,"16":0,"17":0,"18":0,"19":0,"20":0,"21":4,"22":0,"23":0,"24":0,"25":0,"26":4,"27":0,"28":0,"29":0,"30":0,"31":4,"32":0,"33":0,"34":0,"35":0,"36":0,"37":0,"38":0,"39":0,"40":0,"41":4,"42":0,"43":0,"44":0,"45":0,"46":4},"f":{"0":0,"1":0,"2":0,"3":0,"4":0,"5":0,"6":0},"b":{"0":[0,0],"1":[0,0]},"_coverageSchema":"1a1c01bbd47fc00a2c39e90264f33305004495a9","hash":"91d2beb7c6b35a574c1f580955a491ac269d6290"}
}
