TN:
SF:app.js
FN:30,(anonymous_0)
FN:35,(anonymous_1)
FNF:2
FNH:2
FNDA:2,(anonymous_0)
FNDA:40,(anonymous_1)
DA:5,4
DA:6,4
DA:8,4
DA:10,4
DA:11,4
DA:12,4
DA:13,4
DA:15,4
DA:17,4
DA:19,4
DA:20,4
DA:21,4
DA:22,4
DA:24,4
DA:25,4
DA:26,4
DA:30,4
DA:31,2
DA:35,4
DA:36,40
DA:37,40
DA:38,40
DA:40,40
DA:45,4
LF:24
LH:24
BRDA:36,0,0,1
BRDA:36,0,1,39
BRDA:37,1,0,40
BRDA:37,1,1,1
BRF:4
BRH:4
end_of_record
TN:
SF:config.js
FN:13,getDatabaseUri
FNF:1
FNH:1
FNDA:20,getDatabaseUri
DA:5,10
DA:6,10
DA:8,10
DA:10,10
DA:14,20
DA:22,10
DA:24,10
DA:25,10
DA:26,10
DA:27,10
DA:28,10
DA:29,10
DA:31,10
LF:13
LH:13
BRDA:8,0,0,10
BRDA:8,0,1,9
BRDA:10,1,0,10
BRDA:10,1,1,9
BRDA:14,2,0,17
BRDA:14,2,1,3
BRDA:16,3,0,3
BRDA:16,3,1,1
BRDA:22,4,0,9
BRDA:22,4,1,1
BRF:10
BRH:10
end_of_record
TN:
SF:db.js
FNF:0
FNH:0
DA:5,7
DA:6,7
DA:8,7
DA:12,7
DA:14,7
LF:5
LH:5
BRF:0
BRH:0
end_of_record
TN:
SF:expressError.js
FN:8,(anonymous_0)
FN:18,(anonymous_1)
FN:26,(anonymous_2)
FN:34,(anonymous_3)
FN:42,(anonymous_4)
FNF:5
FNH:4
FNDA:51,(anonymous_0)
FNDA:8,(anonymous_1)
FNDA:36,(anonymous_2)
FNDA:7,(anonymous_3)
FNDA:0,(anonymous_4)
DA:9,51
DA:10,51
DA:11,51
DA:19,8
DA:27,36
DA:35,7
DA:43,0
DA:47,9
LF:8
LH:7
BRDA:18,0,0,2
BRDA:26,1,0,32
BRDA:34,2,0,0
BRDA:42,3,0,0
BRF:4
BRH:2
end_of_record
TN:
SF:helpers/sql.js
FN:9,sqlForPartialUpdate
FN:14,(anonymous_1)
FNF:2
FNH:2
FNDA:5,sqlForPartialUpdate
FNDA:8,(anonymous_1)
DA:1,8
DA:10,5
DA:11,5
DA:14,4
DA:15,8
DA:18,4
DA:24,8
LF:7
LH:7
BRDA:11,0,0,1
BRDA:11,0,1,4
BRDA:15,1,0,8
BRDA:15,1,1,2
BRF:4
BRH:4
end_of_record
TN:
SF:helpers/tokens.js
FN:6,createToken
FNF:1
FNH:1
FNDA:8,createToken
DA:1,5
DA:2,5
DA:7,8
DA:10,8
DA:15,8
DA:18,5
LF:6
LH:6
BRDA:12,0,0,8
BRDA:12,0,1,7
BRF:2
BRH:2
end_of_record
TN:
SF:middleware/auth.js
FN:18,authenticateJWT
FN:36,ensureLoggedIn
FN:45,ensureAdmin
FNF:3
FNH:3
FNDA:48,authenticateJWT
FNDA:2,ensureLoggedIn
FNDA:32,ensureAdmin
DA:5,5
DA:6,5
DA:7,5
DA:19,48
DA:20,48
DA:21,48
DA:22,26
DA:23,26
DA:25,47
DA:27,1
DA:37,2
DA:38,2
DA:39,1
DA:41,1
DA:46,32
DA:47,32
DA:48,1
DA:50,31
DA:55,5
LF:19
LH:19
BRDA:20,0,0,48
BRDA:20,0,1,47
BRDA:21,1,0,26
BRDA:21,1,1,22
BRDA:38,2,0,1
BRDA:38,2,1,1
BRDA:47,3,0,31
BRDA:47,3,1,1
BRDA:47,4,0,32
BRDA:47,4,1,24
BRF:10
BRH:10
end_of_record
TN:
SF:models/_testCommon.js
FN:6,commonBeforeAll
FN:38,commonBeforeEach
FN:42,commonAfterEach
FN:46,commonAfterAll
FNF:4
FNH:4
FNDA:3,commonBeforeAll
FNDA:28,commonBeforeEach
FNDA:28,commonAfterEach
FNDA:3,commonAfterAll
DA:1,3
DA:3,3
DA:4,3
DA:8,3
DA:10,3
DA:11,3
DA:12,3
DA:18,2
DA:31,2
DA:39,28
DA:43,28
DA:47,3
DA:51,3
LF:13
LH:13
BRF:0
BRH:0
end_of_record
TN:
SF:models/company.js
FN:19,(anonymous_0)
FN:53,(anonymous_1)
FN:91,(anonymous_2)
FN:121,(anonymous_3)
FN:155,(anonymous_4)
FNF:5
FNH:5
FNDA:10,(anonymous_0)
FNDA:7,(anonymous_1)
FNDA:5,(anonymous_2)
FNDA:4,(anonymous_3)
FNDA:2,(anonymous_4)
DA:3,5
DA:4,5
DA:5,5
DA:21,10
DA:27,10
DA:28,1
DA:30,9
DA:43,8
DA:45,8
DA:55,7
DA:57,7
DA:58,1
DA:61,6
DA:62,1
DA:64,5
DA:65,1
DA:68,7
DA:69,0
DA:72,7
DA:73,1
DA:75,7
DA:78,7
DA:80,6
DA:92,5
DA:102,5
DA:104,5
DA:106,3
DA:123,4
DA:124,0
DA:126,0
DA:132,0
DA:134,0
DA:142,0
DA:143,0
DA:145,0
DA:147,0
DA:156,2
DA:162,2
DA:164,2
DA:169,5
LF:40
LH:31
BRDA:27,0,0,1
BRDA:27,0,1,9
BRDA:53,1,0,3
BRDA:53,2,0,4
BRDA:53,3,0,5
BRDA:57,4,0,1
BRDA:57,4,1,6
BRDA:57,5,0,7
BRDA:57,5,1,2
BRDA:61,6,0,1
BRDA:61,6,1,5
BRDA:64,7,0,1
BRDA:64,7,1,4
BRDA:68,8,0,0
BRDA:68,8,1,7
BRDA:68,9,0,7
BRDA:68,9,1,1
BRDA:72,10,0,1
BRDA:72,10,1,6
BRDA:72,11,0,7
BRDA:72,11,1,1
BRDA:104,12,0,2
BRDA:104,12,1,3
BRDA:123,13,0,0
BRDA:123,13,1,0
BRDA:145,14,0,0
BRDA:145,14,1,0
BRDA:164,15,0,1
BRDA:164,15,1,1
BRF:29
BRH:24
end_of_record
TN:
SF:models/job.js
FN:19,(anonymous_0)
FN:52,(anonymous_1)
FN:89,(anonymous_2)
FN:153,(anonymous_3)
FNF:4
FNH:1
FNDA:1,(anonymous_0)
FNDA:0,(anonymous_1)
FNDA:0,(anonymous_2)
FNDA:0,(anonymous_3)
DA:3,1
DA:4,1
DA:5,1
DA:21,1
DA:27,1
DA:28,0
DA:29,1
DA:30,1
DA:42,1
DA:44,1
DA:54,0
DA:56,0
DA:57,0
DA:60,0
DA:61,0
DA:63,0
DA:64,0
DA:67,0
DA:68,0
DA:71,0
DA:72,0
DA:74,0
DA:76,0
DA:78,0
DA:90,0
DA:99,0
DA:101,0
DA:103,0
DA:154,0
DA:160,0
DA:162,0
DA:167,1
LF:32
LH:10
BRDA:27,0,0,0
BRDA:27,0,1,1
BRDA:52,1,0,0
BRDA:52,2,0,0
BRDA:52,3,0,0
BRDA:56,4,0,0
BRDA:56,4,1,0
BRDA:60,5,0,0
BRDA:60,5,1,0
BRDA:60,6,0,0
BRDA:60,6,1,0
BRDA:63,7,0,0
BRDA:63,7,1,0
BRDA:63,8,0,0
BRDA:63,8,1,0
BRDA:67,9,0,0
BRDA:67,9,1,0
BRDA:67,10,0,0
BRDA:67,10,1,0
BRDA:71,11,0,0
BRDA:71,11,1,0
BRDA:71,12,0,0
BRDA:71,12,1,0
BRDA:101,13,0,0
BRDA:101,13,1,0
BRDA:162,14,0,0
BRDA:162,14,1,0
BRF:27
BRH:1
end_of_record
TN:
SF:models/user.js
FN:24,(anonymous_0)
FN:59,(anonymous_1)
FN:104,(anonymous_2)
FN:126,(anonymous_3)
FN:162,(anonymous_4)
FN:195,(anonymous_5)
FNF:6
FNH:6
FNDA:6,(anonymous_0)
FNDA:11,(anonymous_1)
FNDA:1,(anonymous_2)
FNDA:2,(anonymous_3)
FNDA:4,(anonymous_4)
FNDA:2,(anonymous_5)
DA:3,5
DA:4,5
DA:5,5
DA:10,5
DA:12,5
DA:26,6
DA:38,6
DA:40,6
DA:42,3
DA:43,3
DA:44,2
DA:45,2
DA:49,4
DA:61,11
DA:68,11
DA:69,1
DA:72,10
DA:74,10
DA:94,10
DA:96,10
DA:105,1
DA:115,1
DA:127,2
DA:138,2
DA:140,2
DA:142,1
DA:163,4
DA:164,1
DA:167,4
DA:174,3
DA:176,3
DA:184,3
DA:185,3
DA:187,3
DA:189,2
DA:190,2
DA:196,2
DA:203,2
DA:205,2
DA:210,5
LF:40
LH:40
BRDA:40,0,0,3
BRDA:40,0,1,3
BRDA:43,1,0,2
BRDA:43,1,1,1
BRDA:68,2,0,1
BRDA:68,2,1,10
BRDA:140,3,0,1
BRDA:140,3,1,1
BRDA:163,4,0,1
BRDA:163,4,1,3
BRDA:187,5,0,1
BRDA:187,5,1,2
BRDA:205,6,0,1
BRDA:205,6,1,1
BRF:14
BRH:14
end_of_record
TN:
SF:routes/_testCommon.js
FN:8,commonBeforeAll
FN:65,commonBeforeEach
FN:69,commonAfterEach
FN:73,commonAfterAll
FNF:4
FNH:4
FNDA:3,commonBeforeAll
FNDA:43,commonBeforeEach
FNDA:43,commonAfterEach
FNDA:3,commonAfterAll
DA:3,3
DA:4,3
DA:5,3
DA:6,3
DA:10,3
DA:12,3
DA:14,3
DA:22,2
DA:30,2
DA:39,2
DA:47,2
DA:55,2
DA:66,43
DA:70,43
DA:74,3
DA:78,3
DA:81,3
LF:17
LH:17
BRF:0
BRH:0
end_of_record
TN:
SF:routes/auth.js
FN:22,(anonymous_0)
FN:26,(anonymous_1)
FN:49,(anonymous_2)
FN:53,(anonymous_3)
FNF:4
FNH:4
FNDA:5,(anonymous_0)
FNDA:2,(anonymous_1)
FNDA:3,(anonymous_2)
FNDA:5,(anonymous_3)
DA:5,4
DA:7,4
DA:8,4
DA:9,4
DA:10,4
DA:11,4
DA:12,4
DA:13,4
DA:22,4
DA:23,5
DA:24,5
DA:25,5
DA:26,2
DA:27,2
DA:30,3
DA:31,3
DA:32,1
DA:33,1
DA:35,4
DA:49,4
DA:50,3
DA:51,3
DA:52,3
DA:53,5
DA:54,2
DA:57,1
DA:58,1
DA:59,1
DA:61,2
DA:66,4
LF:30
LH:30
BRDA:25,0,0,2
BRDA:25,0,1,3
BRDA:52,1,0,2
BRDA:52,1,1,1
BRF:4
BRH:4
end_of_record
TN:
SF:routes/companies.js
FN:28,(anonymous_0)
FN:32,(anonymous_1)
FN:54,(anonymous_2)
FN:74,(anonymous_3)
FN:94,(anonymous_4)
FN:98,(anonymous_5)
FN:114,(anonymous_6)
FNF:7
FNH:2
FNDA:0,(anonymous_0)
FNDA:0,(anonymous_1)
FNDA:2,(anonymous_2)
FNDA:3,(anonymous_3)
FNDA:0,(anonymous_4)
FNDA:0,(anonymous_5)
FNDA:0,(anonymous_6)
DA:5,4
DA:6,4
DA:8,4
DA:9,4
DA:10,4
DA:11,4
DA:13,4
DA:14,4
DA:16,4
DA:28,4
DA:29,0
DA:30,0
DA:31,0
DA:32,0
DA:33,0
DA:36,0
DA:37,0
DA:39,0
DA:54,4
DA:55,2
DA:56,2
DA:57,2
DA:58,2
DA:59,2
DA:60,1
DA:62,1
DA:74,4
DA:75,3
DA:76,3
DA:77,2
DA:79,1
DA:94,4
DA:95,0
DA:96,0
DA:97,0
DA:98,0
DA:99,0
DA:102,0
DA:103,0
DA:105,0
DA:114,4
DA:115,0
DA:116,0
DA:117,0
DA:119,0
DA:124,4
LF:46
LH:26
BRDA:31,0,0,0
BRDA:31,0,1,0
BRDA:97,1,0,0
BRDA:97,1,1,0
BRF:4
BRH:0
end_of_record
TN:
SF:routes/users.js
FN:31,(anonymous_0)
FN:35,(anonymous_1)
FN:55,(anonymous_2)
FN:72,(anonymous_3)
FN:92,(anonymous_4)
FN:96,(anonymous_5)
FN:113,(anonymous_6)
FNF:7
FNH:0
FNDA:0,(anonymous_0)
FNDA:0,(anonymous_1)
FNDA:0,(anonymous_2)
FNDA:0,(anonymous_3)
FNDA:0,(anonymous_4)
FNDA:0,(anonymous_5)
FNDA:0,(anonymous_6)
DA:5,4
DA:7,4
DA:8,4
DA:9,4
DA:10,4
DA:11,4
DA:12,4
DA:13,4
DA:14,4
DA:16,4
DA:31,4
DA:32,0
DA:33,0
DA:34,0
DA:35,0
DA:36,0
DA:39,0
DA:40,0
DA:41,0
DA:43,0
DA:55,4
DA:56,0
DA:57,0
DA:58,0
DA:60,0
DA:72,4
DA:73,0
DA:74,0
DA:75,0
DA:77,0
DA:92,4
DA:93,0
DA:94,0
DA:95,0
DA:96,0
DA:97,0
DA:100,0
DA:101,0
DA:103,0
DA:113,4
DA:114,0
DA:115,0
DA:116,0
DA:118,0
DA:123,4
LF:45
LH:16
BRDA:34,0,0,0
BRDA:34,0,1,0
BRDA:95,1,0,0
BRDA:95,1,1,0
BRF:4
BRH:0
end_of_record
